# JRE version: OpenJDK Runtime Environment (17.0.6) (build 17.0.6+0-b2043.56-9586694)
# Java VM: OpenJDK 64-Bit Server VM (17.0.6+0-b2043.56-9586694, mixed mode, tiered, compressed oops, compressed class ptrs, g1 gc, windows-amd64)
GC Precious Log:
 CPUs: 16 total, 16 available
 Memory: 7813M
 Large Page Support: Disabled
 NUMA Support: Disabled
 Compressed Oops: Enabled (32-bit)
 Heap Region Size: 1M
 Heap Min Capacity: 8M
 Heap Initial Capacity: 124M
 Heap Max Capacity: 2G
 Pre-touch: Disabled
 Parallel Workers: 13
 Concurrent Workers: 3
 Concurrent Refinement Workers: 13
 Periodic GC: Disabled
Heap:
 garbage-first heap   total 197632K, used 117980K [0x0000000080000000, 0x0000000100000000)
  region size 1024K, 3 young (3072K), 3 survivors (3072K)
 Metaspace       used 115924K, committed 116672K, reserved 1155072K
  class space    used 16010K, committed 16384K, reserved 1048576K
GC Heap History (20 events):
Event: 5.434 GC heap after
{Heap after GC invocations=35 (full 0):
 garbage-first heap   total 158720K, used 82854K [0x0000000080000000, 0x0000000100000000)
  region size 1024K, 3 young (3072K), 3 survivors (3072K)
 Metaspace       used 86138K, committed 86784K, reserved 1130496K
  class space    used 11802K, committed 12096K, reserved 1048576K
}
Event: 5.445 GC heap before
{Heap before GC invocations=35 (full 0):
 garbage-first heap   total 158720K, used 85926K [0x0000000080000000, 0x0000000100000000)
  region size 1024K, 7 young (7168K), 3 survivors (3072K)
 Metaspace       used 86173K, committed 86848K, reserved 1130496K
  class space    used 11804K, committed 12096K, reserved 1048576K
}
Event: 5.448 GC heap after
{Heap after GC invocations=36 (full 0):
 garbage-first heap   total 195584K, used 83569K [0x0000000080000000, 0x0000000100000000)
  region size 1024K, 1 young (1024K), 1 survivors (1024K)
 Metaspace       used 86173K, committed 86848K, reserved 1130496K
  class space    used 11804K, committed 12096K, reserved 1048576K
}
Event: 5.737 GC heap before
{Heap before GC invocations=36 (full 0):
 garbage-first heap   total 195584K, used 155249K [0x0000000080000000, 0x0000000100000000)
  region size 1024K, 72 young (73728K), 1 survivors (1024K)
 Metaspace       used 91049K, committed 91776K, reserved 1130496K
  class space    used 12477K, committed 12800K, reserved 1048576K
}
Event: 5.743 GC heap after
{Heap after GC invocations=37 (full 0):
 garbage-first heap   total 195584K, used 89088K [0x0000000080000000, 0x0000000100000000)
  region size 1024K, 6 young (6144K), 6 survivors (6144K)
 Metaspace       used 91049K, committed 91776K, reserved 1130496K
  class space    used 12477K, committed 12800K, reserved 1048576K
}
Event: 6.001 GC heap before
{Heap before GC invocations=37 (full 0):
 garbage-first heap   total 195584K, used 158720K [0x0000000080000000, 0x0000000100000000)
  region size 1024K, 72 young (73728K), 6 survivors (6144K)
 Metaspace       used 99884K, committed 100672K, reserved 1138688K
  class space    used 14108K, committed 14464K, reserved 1048576K
}
Event: 6.004 GC heap after
{Heap after GC invocations=38 (full 0):
 garbage-first heap   total 195584K, used 88363K [0x0000000080000000, 0x0000000100000000)
  region size 1024K, 2 young (2048K), 2 survivors (2048K)
 Metaspace       used 99884K, committed 100672K, reserved 1138688K
  class space    used 14108K, committed 14464K, reserved 1048576K
}
Event: 6.394 GC heap before
{Heap before GC invocations=38 (full 0):
 garbage-first heap   total 195584K, used 134443K [0x0000000080000000, 0x0000000100000000)
  region size 1024K, 48 young (49152K), 2 survivors (2048K)
 Metaspace       used 105892K, committed 106688K, reserved 1146880K
  class space    used 14901K, committed 15296K, reserved 1048576K
}
Event: 6.399 GC heap after
{Heap after GC invocations=39 (full 0):
 garbage-first heap   total 195584K, used 93882K [0x0000000080000000, 0x0000000100000000)
  region size 1024K, 6 young (6144K), 6 survivors (6144K)
 Metaspace       used 105892K, committed 106688K, reserved 1146880K
  class space    used 14901K, committed 15296K, reserved 1048576K
}
Event: 640.495 GC heap before
{Heap before GC invocations=40 (full 0):
 garbage-first heap   total 195584K, used 174778K [0x0000000080000000, 0x0000000100000000)
  region size 1024K, 70 young (71680K), 6 survivors (6144K)
 Metaspace       used 107456K, committed 108288K, reserved 1146880K
  class space    used 15057K, committed 15424K, reserved 1048576K
}
Event: 640.516 GC heap after
{Heap after GC invocations=41 (full 0):
 garbage-first heap   total 195584K, used 98251K [0x0000000080000000, 0x0000000100000000)
  region size 1024K, 6 young (6144K), 6 survivors (6144K)
 Metaspace       used 107456K, committed 108288K, reserved 1146880K
  class space    used 15057K, committed 15424K, reserved 1048576K
}
Event: 640.536 GC heap before
{Heap before GC invocations=41 (full 0):
 garbage-first heap   total 195584K, used 101323K [0x0000000080000000, 0x0000000100000000)
  region size 1024K, 9 young (9216K), 6 survivors (6144K)
 Metaspace       used 107505K, committed 108288K, reserved 1146880K
  class space    used 15057K, committed 15424K, reserved 1048576K
}
Event: 640.540 GC heap after
{Heap after GC invocations=42 (full 0):
 garbage-first heap   total 195584K, used 98978K [0x0000000080000000, 0x0000000100000000)
  region size 1024K, 2 young (2048K), 2 survivors (2048K)
 Metaspace       used 107505K, committed 108288K, reserved 1146880K
  class space    used 15057K, committed 15424K, reserved 1048576K
}
Event: 640.582 GC heap before
{Heap before GC invocations=42 (full 0):
 garbage-first heap   total 195584K, used 102050K [0x0000000080000000, 0x0000000100000000)
  region size 1024K, 7 young (7168K), 2 survivors (2048K)
 Metaspace       used 107671K, committed 108416K, reserved 1146880K
  class space    used 15075K, committed 15424K, reserved 1048576K
}
Event: 640.584 GC heap after
{Heap after GC invocations=43 (full 0):
 garbage-first heap   total 195584K, used 98733K [0x0000000080000000, 0x0000000100000000)
  region size 1024K, 1 young (1024K), 1 survivors (1024K)
 Metaspace       used 107671K, committed 108416K, reserved 1146880K
  class space    used 15075K, committed 15424K, reserved 1048576K
}
Event: 641.497 GC heap before
{Heap before GC invocations=44 (full 0):
 garbage-first heap   total 195584K, used 177581K [0x0000000080000000, 0x0000000100000000)
  region size 1024K, 60 young (61440K), 1 survivors (1024K)
 Metaspace       used 113060K, committed 113792K, reserved 1155072K
  class space    used 15710K, committed 16064K, reserved 1048576K
}
Event: 641.502 GC heap after
{Heap after GC invocations=45 (full 0):
 garbage-first heap   total 197632K, used 116156K [0x0000000080000000, 0x0000000100000000)
  region size 1024K, 8 young (8192K), 8 survivors (8192K)
 Metaspace       used 113060K, committed 113792K, reserved 1155072K
  class space    used 15710K, committed 16064K, reserved 1048576K
}
Event: 641.507 GC heap before
{Heap before GC invocations=45 (full 0):
 garbage-first heap   total 197632K, used 116156K [0x0000000080000000, 0x0000000100000000)
  region size 1024K, 9 young (9216K), 8 survivors (8192K)
 Metaspace       used 113107K, committed 113856K, reserved 1155072K
  class space    used 15715K, committed 16064K, reserved 1048576K
}
Event: 641.509 GC heap after
{Heap after GC invocations=46 (full 0):
 garbage-first heap   total 197632K, used 115849K [0x0000000080000000, 0x0000000100000000)
  region size 1024K, 1 young (1024K), 1 survivors (1024K)
 Metaspace       used 113107K, committed 113856K, reserved 1155072K
  class space    used 15715K, committed 16064K, reserved 1048576K
}
Event: 642.837 GC heap before
{Heap before GC invocations=46 (full 0):
 garbage-first heap   total 197632K, used 156809K [0x0000000080000000, 0x0000000100000000)
  region size 1024K, 42 young (43008K), 1 survivors (1024K)
 Metaspace       used 115924K, committed 116672K, reserved 1155072K
  class space    used 16010K, committed 16384K, reserved 1048576K
}

