# JRE version: OpenJDK Runtime Environment (17.0.6) (build 17.0.6+0-b2043.56-9586694)
# Java VM: OpenJDK 64-Bit Server VM (17.0.6+0-b2043.56-9586694, mixed mode, tiered, compressed oops, compressed class ptrs, g1 gc, windows-amd64)
GC Precious Log:
 CPUs: 16 total, 16 available
 Memory: 7813M
 Large Page Support: Disabled
 NUMA Support: Disabled
 Compressed Oops: Enabled (32-bit)
 Heap Region Size: 1M
 Heap Min Capacity: 8M
 Heap Initial Capacity: 124M
 Heap Max Capacity: 2G
 Pre-touch: Disabled
 Parallel Workers: 13
 Concurrent Workers: 3
 Concurrent Refinement Workers: 13
 Periodic GC: Disabled
Heap:
 garbage-first heap   total 260096K, used 145605K [0x0000000080000000, 0x0000000100000000)
  region size 1024K, 8 young (8192K), 8 survivors (8192K)
 Metaspace       used 136324K, committed 137216K, reserved 1171456K
  class space    used 19333K, committed 19712K, reserved 1048576K
GC Heap History (20 events):
Event: 13.408 GC heap after
{Heap after GC invocations=34 (full 0):
 garbage-first heap   total 196608K, used 110368K [0x0000000080000000, 0x0000000100000000)
  region size 1024K, 5 young (5120K), 5 survivors (5120K)
 Metaspace       used 96475K, committed 97152K, reserved 1138688K
  class space    used 12957K, committed 13248K, reserved 1048576K
}
Event: 13.967 GC heap before
{Heap before GC invocations=35 (full 0):
 garbage-first heap   total 196608K, used 143136K [0x0000000080000000, 0x0000000100000000)
  region size 1024K, 47 young (48128K), 5 survivors (5120K)
 Metaspace       used 101719K, committed 102400K, reserved 1138688K
  class space    used 13641K, committed 13952K, reserved 1048576K
}
Event: 13.971 GC heap after
{Heap after GC invocations=36 (full 0):
 garbage-first heap   total 196608K, used 103149K [0x0000000080000000, 0x0000000100000000)
  region size 1024K, 4 young (4096K), 4 survivors (4096K)
 Metaspace       used 101719K, committed 102400K, reserved 1138688K
  class space    used 13641K, committed 13952K, reserved 1048576K
}
Event: 14.024 GC heap before
{Heap before GC invocations=36 (full 0):
 garbage-first heap   total 196608K, used 108269K [0x0000000080000000, 0x0000000100000000)
  region size 1024K, 9 young (9216K), 4 survivors (4096K)
 Metaspace       used 101962K, committed 102592K, reserved 1138688K
  class space    used 13668K, committed 13952K, reserved 1048576K
}
Event: 14.026 GC heap after
{Heap after GC invocations=37 (full 0):
 garbage-first heap   total 196608K, used 96284K [0x0000000080000000, 0x0000000100000000)
  region size 1024K, 2 young (2048K), 2 survivors (2048K)
 Metaspace       used 101962K, committed 102592K, reserved 1138688K
  class space    used 13668K, committed 13952K, reserved 1048576K
}
Event: 14.196 GC heap before
{Heap before GC invocations=37 (full 0):
 garbage-first heap   total 196608K, used 149532K [0x0000000080000000, 0x0000000100000000)
  region size 1024K, 55 young (56320K), 2 survivors (2048K)
 Metaspace       used 102196K, committed 102912K, reserved 1138688K
  class space    used 13695K, committed 14016K, reserved 1048576K
}
Event: 14.199 GC heap after
{Heap after GC invocations=38 (full 0):
 garbage-first heap   total 236544K, used 99064K [0x0000000080000000, 0x0000000100000000)
  region size 1024K, 5 young (5120K), 5 survivors (5120K)
 Metaspace       used 102196K, committed 102912K, reserved 1138688K
  class space    used 13695K, committed 14016K, reserved 1048576K
}
Event: 16.413 GC heap before
{Heap before GC invocations=38 (full 0):
 garbage-first heap   total 236544K, used 176888K [0x0000000080000000, 0x0000000100000000)
  region size 1024K, 82 young (83968K), 5 survivors (5120K)
 Metaspace       used 103520K, committed 104192K, reserved 1138688K
  class space    used 13848K, committed 14144K, reserved 1048576K
}
Event: 16.416 GC heap after
{Heap after GC invocations=39 (full 0):
 garbage-first heap   total 236544K, used 101447K [0x0000000080000000, 0x0000000100000000)
  region size 1024K, 7 young (7168K), 7 survivors (7168K)
 Metaspace       used 103520K, committed 104192K, reserved 1138688K
  class space    used 13848K, committed 14144K, reserved 1048576K
}
Event: 17.136 GC heap before
{Heap before GC invocations=39 (full 0):
 garbage-first heap   total 236544K, used 183367K [0x0000000080000000, 0x0000000100000000)
  region size 1024K, 86 young (88064K), 7 survivors (7168K)
 Metaspace       used 112002K, committed 112768K, reserved 1146880K
  class space    used 14894K, committed 15232K, reserved 1048576K
}
Event: 17.145 GC heap after
{Heap after GC invocations=40 (full 0):
 garbage-first heap   total 236544K, used 115705K [0x0000000080000000, 0x0000000100000000)
  region size 1024K, 11 young (11264K), 11 survivors (11264K)
 Metaspace       used 112002K, committed 112768K, reserved 1146880K
  class space    used 14894K, committed 15232K, reserved 1048576K
}
Event: 17.668 GC heap before
{Heap before GC invocations=40 (full 0):
 garbage-first heap   total 236544K, used 185337K [0x0000000080000000, 0x0000000100000000)
  region size 1024K, 78 young (79872K), 11 survivors (11264K)
 Metaspace       used 115024K, committed 115712K, reserved 1155072K
  class space    used 15210K, committed 15552K, reserved 1048576K
}
Event: 17.674 GC heap after
{Heap after GC invocations=41 (full 0):
 garbage-first heap   total 236544K, used 121656K [0x0000000080000000, 0x0000000100000000)
  region size 1024K, 7 young (7168K), 7 survivors (7168K)
 Metaspace       used 115024K, committed 115712K, reserved 1155072K
  class space    used 15210K, committed 15552K, reserved 1048576K
}
Event: 18.041 GC heap before
{Heap before GC invocations=41 (full 0):
 garbage-first heap   total 236544K, used 186168K [0x0000000080000000, 0x0000000100000000)
  region size 1024K, 71 young (72704K), 7 survivors (7168K)
 Metaspace       used 122111K, committed 122816K, reserved 1163264K
  class space    used 16379K, committed 16704K, reserved 1048576K
}
Event: 18.052 GC heap after
{Heap after GC invocations=42 (full 0):
 garbage-first heap   total 236544K, used 131920K [0x0000000080000000, 0x0000000100000000)
  region size 1024K, 9 young (9216K), 9 survivors (9216K)
 Metaspace       used 122111K, committed 122816K, reserved 1163264K
  class space    used 16379K, committed 16704K, reserved 1048576K
}
Event: 18.416 GC heap before
{Heap before GC invocations=42 (full 0):
 garbage-first heap   total 236544K, used 187216K [0x0000000080000000, 0x0000000100000000)
  region size 1024K, 64 young (65536K), 9 survivors (9216K)
 Metaspace       used 129891K, committed 130624K, reserved 1163264K
  class space    used 18002K, committed 18368K, reserved 1048576K
}
Event: 18.469 GC heap after
{Heap after GC invocations=43 (full 0):
 garbage-first heap   total 236544K, used 136132K [0x0000000080000000, 0x0000000100000000)
  region size 1024K, 4 young (4096K), 4 survivors (4096K)
 Metaspace       used 129891K, committed 130624K, reserved 1163264K
  class space    used 18002K, committed 18368K, reserved 1048576K
}
Event: 18.615 GC heap before
{Heap before GC invocations=43 (full 0):
 garbage-first heap   total 236544K, used 190404K [0x0000000080000000, 0x0000000100000000)
  region size 1024K, 58 young (59392K), 4 survivors (4096K)
 Metaspace       used 133778K, committed 134592K, reserved 1171456K
  class space    used 18833K, committed 19200K, reserved 1048576K
}
Event: 18.618 GC heap after
{Heap after GC invocations=44 (full 0):
 garbage-first heap   total 236544K, used 141636K [0x0000000080000000, 0x0000000100000000)
  region size 1024K, 8 young (8192K), 8 survivors (8192K)
 Metaspace       used 133778K, committed 134592K, reserved 1171456K
  class space    used 18833K, committed 19200K, reserved 1048576K
}
Event: 18.845 GC heap before
{Heap before GC invocations=44 (full 0):
 garbage-first heap   total 236544K, used 193860K [0x0000000080000000, 0x0000000100000000)
  region size 1024K, 58 young (59392K), 8 survivors (8192K)
 Metaspace       used 136324K, committed 137216K, reserved 1171456K
  class space    used 19333K, committed 19712K, reserved 1048576K
}

