# JRE version: OpenJDK Runtime Environment (17.0.6) (build 17.0.6+0-b2043.56-9586694)
# Java VM: OpenJDK 64-Bit Server VM (17.0.6+0-b2043.56-9586694, mixed mode, tiered, compressed oops, compressed class ptrs, g1 gc, windows-amd64)
GC Precious Log:
 CPUs: 16 total, 16 available
 Memory: 7813M
 Large Page Support: Disabled
 NUMA Support: Disabled
 Compressed Oops: Enabled (32-bit)
 Heap Region Size: 1M
 Heap Min Capacity: 8M
 Heap Initial Capacity: 124M
 Heap Max Capacity: 2G
 Pre-touch: Disabled
 Parallel Workers: 13
 Concurrent Workers: 3
 Concurrent Refinement Workers: 13
 Periodic GC: Disabled
Heap:
 garbage-first heap   total 275456K, used 182876K [0x0000000080000000, 0x0000000100000000)
  region size 1024K, 41 young (41984K), 7 survivors (7168K)
 Metaspace       used 132332K, committed 133248K, reserved 1163264K
  class space    used 19006K, committed 19456K, reserved 1048576K
GC Heap History (20 events):
Event: 40.887 GC heap before
{Heap before GC invocations=43 (full 0):
 garbage-first heap   total 225280K, used 173160K [0x0000000080000000, 0x0000000100000000)
  region size 1024K, 59 young (60416K), 9 survivors (9216K)
 Metaspace       used 106301K, committed 107008K, reserved 1146880K
  class space    used 14211K, committed 14592K, reserved 1048576K
}
Event: 40.893 GC heap after
{Heap after GC invocations=44 (full 0):
 garbage-first heap   total 225280K, used 133366K [0x0000000080000000, 0x0000000100000000)
  region size 1024K, 8 young (8192K), 8 survivors (8192K)
 Metaspace       used 106301K, committed 107008K, reserved 1146880K
  class space    used 14211K, committed 14592K, reserved 1048576K
}
Event: 40.907 GC heap before
{Heap before GC invocations=44 (full 0):
 garbage-first heap   total 225280K, used 136438K [0x0000000080000000, 0x0000000100000000)
  region size 1024K, 11 young (11264K), 8 survivors (8192K)
 Metaspace       used 106332K, committed 107072K, reserved 1146880K
  class space    used 14211K, committed 14592K, reserved 1048576K
}
Event: 40.910 GC heap after
{Heap after GC invocations=45 (full 0):
 garbage-first heap   total 225280K, used 133899K [0x0000000080000000, 0x0000000100000000)
  region size 1024K, 2 young (2048K), 2 survivors (2048K)
 Metaspace       used 106332K, committed 107072K, reserved 1146880K
  class space    used 14211K, committed 14592K, reserved 1048576K
}
Event: 41.119 GC heap before
{Heap before GC invocations=45 (full 0):
 garbage-first heap   total 225280K, used 163595K [0x0000000080000000, 0x0000000100000000)
  region size 1024K, 33 young (33792K), 2 survivors (2048K)
 Metaspace       used 106810K, committed 107520K, reserved 1146880K
  class space    used 14247K, committed 14592K, reserved 1048576K
}
Event: 41.122 GC heap after
{Heap after GC invocations=46 (full 0):
 garbage-first heap   total 225280K, used 134141K [0x0000000080000000, 0x0000000100000000)
  region size 1024K, 2 young (2048K), 2 survivors (2048K)
 Metaspace       used 106810K, committed 107520K, reserved 1146880K
  class space    used 14247K, committed 14592K, reserved 1048576K
}
Event: 41.413 GC heap before
{Heap before GC invocations=47 (full 0):
 garbage-first heap   total 229376K, used 183896K [0x0000000080000000, 0x0000000100000000)
  region size 1024K, 50 young (51200K), 2 survivors (2048K)
 Metaspace       used 112378K, committed 113152K, reserved 1146880K
  class space    used 15134K, committed 15488K, reserved 1048576K
}
Event: 41.416 GC heap after
{Heap after GC invocations=48 (full 0):
 garbage-first heap   total 229376K, used 140804K [0x0000000080000000, 0x0000000100000000)
  region size 1024K, 7 young (7168K), 7 survivors (7168K)
 Metaspace       used 112378K, committed 113152K, reserved 1146880K
  class space    used 15134K, committed 15488K, reserved 1048576K
}
Event: 41.422 GC heap before
{Heap before GC invocations=48 (full 0):
 garbage-first heap   total 229376K, used 144900K [0x0000000080000000, 0x0000000100000000)
  region size 1024K, 11 young (11264K), 7 survivors (7168K)
 Metaspace       used 112497K, committed 113280K, reserved 1146880K
  class space    used 15161K, committed 15552K, reserved 1048576K
}
Event: 41.428 GC heap after
{Heap after GC invocations=49 (full 0):
 garbage-first heap   total 229376K, used 124987K [0x0000000080000000, 0x0000000100000000)
  region size 1024K, 2 young (2048K), 2 survivors (2048K)
 Metaspace       used 112497K, committed 113280K, reserved 1146880K
  class space    used 15161K, committed 15552K, reserved 1048576K
}
Event: 41.453 GC heap before
{Heap before GC invocations=49 (full 0):
 garbage-first heap   total 229376K, used 133179K [0x0000000080000000, 0x0000000100000000)
  region size 1024K, 11 young (11264K), 2 survivors (2048K)
 Metaspace       used 113224K, committed 113984K, reserved 1155072K
  class space    used 15322K, committed 15680K, reserved 1048576K
}
Event: 41.455 GC heap after
{Heap after GC invocations=50 (full 0):
 garbage-first heap   total 275456K, used 126756K [0x0000000080000000, 0x0000000100000000)
  region size 1024K, 2 young (2048K), 2 survivors (2048K)
 Metaspace       used 113224K, committed 113984K, reserved 1155072K
  class space    used 15322K, committed 15680K, reserved 1048576K
}
Event: 41.787 GC heap before
{Heap before GC invocations=50 (full 0):
 garbage-first heap   total 275456K, used 203556K [0x0000000080000000, 0x0000000100000000)
  region size 1024K, 78 young (79872K), 2 survivors (2048K)
 Metaspace       used 123395K, committed 124160K, reserved 1163264K
  class space    used 17410K, committed 17792K, reserved 1048576K
}
Event: 41.790 GC heap after
{Heap after GC invocations=51 (full 0):
 garbage-first heap   total 275456K, used 130338K [0x0000000080000000, 0x0000000100000000)
  region size 1024K, 6 young (6144K), 6 survivors (6144K)
 Metaspace       used 123395K, committed 124160K, reserved 1163264K
  class space    used 17410K, committed 17792K, reserved 1048576K
}
Event: 42.182 GC heap before
{Heap before GC invocations=52 (full 0):
 garbage-first heap   total 275456K, used 207138K [0x0000000080000000, 0x0000000100000000)
  region size 1024K, 84 young (86016K), 6 survivors (6144K)
 Metaspace       used 129794K, committed 130688K, reserved 1163264K
  class space    used 18690K, committed 19072K, reserved 1048576K
}
Event: 42.186 GC heap after
{Heap after GC invocations=53 (full 0):
 garbage-first heap   total 275456K, used 131645K [0x0000000080000000, 0x0000000100000000)
  region size 1024K, 10 young (10240K), 10 survivors (10240K)
 Metaspace       used 129794K, committed 130688K, reserved 1163264K
  class space    used 18690K, committed 19072K, reserved 1048576K
}
Event: 42.193 GC heap before
{Heap before GC invocations=53 (full 0):
 garbage-first heap   total 275456K, used 134717K [0x0000000080000000, 0x0000000100000000)
  region size 1024K, 13 young (13312K), 10 survivors (10240K)
 Metaspace       used 129946K, committed 130816K, reserved 1163264K
  class space    used 18745K, committed 19136K, reserved 1048576K
}
Event: 42.200 GC heap after
{Heap after GC invocations=54 (full 0):
 garbage-first heap   total 275456K, used 126561K [0x0000000080000000, 0x0000000100000000)
  region size 1024K, 2 young (2048K), 2 survivors (2048K)
 Metaspace       used 129946K, committed 130816K, reserved 1163264K
  class space    used 18745K, committed 19136K, reserved 1048576K
}
Event: 42.265 GC heap before
{Heap before GC invocations=54 (full 0):
 garbage-first heap   total 275456K, used 146017K [0x0000000080000000, 0x0000000100000000)
  region size 1024K, 23 young (23552K), 2 survivors (2048K)
 Metaspace       used 130317K, committed 131200K, reserved 1163264K
  class space    used 18773K, committed 19200K, reserved 1048576K
}
Event: 42.268 GC heap after
{Heap after GC invocations=55 (full 0):
 garbage-first heap   total 275456K, used 131676K [0x0000000080000000, 0x0000000100000000)
  region size 1024K, 7 young (7168K), 7 survivors (7168K)
 Metaspace       used 130317K, committed 131200K, reserved 1163264K
  class space    used 18773K, committed 19200K, reserved 1048576K
}

